<?xml version="1.0" encoding="UTF-8"?>
<!-- Generated by org.testng.reporters.JUnitReportReporter -->
<testsuite hostname="LAPTOP-5COFNKBT" failures="0" tests="1" name="com.test.hrms.LoginTest" time="316.173" errors="0" timestamp="2024-09-13T12:16:59 IST" skipped="0">
  <testcase classname="com.test.hrms.LoginTest" name="login" time="316.173"/>
  <system-out/>
</testsuite> <!-- com.test.hrms.LoginTest -->
