<?xml version="1.0" encoding="UTF-8"?>
<!-- Generated by org.testng.reporters.JUnitReportReporter -->
<testsuite hostname="LAPTOP-5COFNKBT" failures="0" tests="1" name="com.test.hrms.LoginTest" time="13.458" errors="0" timestamp="4 Oct 2024 07:15:47 GMT">
  <testcase classname="com.test.hrms.LoginTest" name="login" time="13.458"/>
</testsuite> <!-- com.test.hrms.LoginTest -->
