<?xml version="1.0" encoding="UTF-8"?>
<!-- Generated by org.testng.reporters.JUnitReportReporter -->
<testsuite hostname="LAPTOP-5COFNKBT" failures="0" tests="1" name="com.test.hrms.AddEmployee" time="150.634" errors="0" timestamp="4 Oct 2024 07:15:47 GMT">
  <testcase classname="com.test.hrms.AddEmployee" name="addEmp" time="150.634"/>
</testsuite> <!-- com.test.hrms.AddEmployee -->
